<?xml version="1.0" encoding="UTF-8"?>
<!-- Generated by org.testng.reporters.JUnitReportReporter -->
<testsuite hostname="DESKTOP-1QOGDON" failures="0" tests="2" name="udemycourse.MavenJavaPractice.SeleniumTest" time="0.000" errors="0" timestamp="2020-12-01T16:26:41 IST" skipped="0">
  <testcase classname="udemycourse.MavenJavaPractice.SeleniumTest" name="elementsUI" time="0.000"/>
  <system-out/>
  <testcase classname="udemycourse.MavenJavaPractice.SeleniumTest" name="BrowserAutomation" time="0.000"/>
  <system-out/>
</testsuite> <!-- udemycourse.MavenJavaPractice.SeleniumTest -->
