<?xml version="1.0" encoding="UTF-8"?>
<!-- Generated by org.testng.reporters.JUnitReportReporter -->
<testsuite hostname="DESKTOP-1QOGDON" failures="0" tests="2" name="udemycourse.MavenJavaPractice.RestAPITest" time="0.003" errors="0" timestamp="2020-12-01T16:26:41 IST" skipped="0">
  <testcase classname="udemycourse.MavenJavaPractice.RestAPITest" name="deleteTwitter" time="0.003"/>
  <system-out/>
  <testcase classname="udemycourse.MavenJavaPractice.RestAPITest" name="postJira" time="0.000"/>
  <system-out/>
</testsuite> <!-- udemycourse.MavenJavaPractice.RestAPITest -->
